Using pre-set license
Built from '2021.1/release' branch; Version is '2021.1.4f1 (4cd64a618c1b) revision 5035594'; Using compiler version '192528614'; Build Type 'Release'
OS: 'Windows 10 Pro; OS build 18363.1500; Version 1909; 64bit' Language: 'en' Physical Memory: 8158 MB
BatchMode: 1, IsHumanControllingUs: 0, StartBugReporterOnCrash: 0, Is64bit: 1, IsPro: 0

 COMMAND LINE ARGUMENTS:
C:\Program Files\Unity\Hub\Editor\2021.1.4f1\Editor\Unity.exe
-adb2
-batchMode
-noUpm
-name
AssetImportWorker0
-projectPath
E:/2D Tileset Project/2D Tileset
-logFile
Logs/AssetImportWorker0.log
-srvPort
51319
Successfully changed project path to: E:/2D Tileset Project/2D Tileset
E:/2D Tileset Project/2D Tileset
Using Asset Import Pipeline V2.
Refreshing native plugins compatible for Editor in 153.54 ms, found 2 plugins.
Preloading 0 native plugins for Editor in 0.00 ms.
Initialize engine version: 2021.1.4f1 (4cd64a618c1b)
[Subsystems] Discovering subsystems at path C:/Program Files/Unity/Hub/Editor/2021.1.4f1/Editor/Data/Resources/UnitySubsystems
[Subsystems] Discovering subsystems at path E:/2D Tileset Project/2D Tileset/Assets
GfxDevice: creating device client; threaded=0; jobified=0
Direct3D:
    Version:  Direct3D 11.0 [level 11.1]
    Renderer: NVIDIA GeForce GTX 1660 SUPER (ID=0x21c4)
    Vendor:   NVIDIA
    VRAM:     5991 MB
    Driver:   30.0.14.7111
Initialize mono
Mono path[0] = 'C:/Program Files/Unity/Hub/Editor/2021.1.4f1/Editor/Data/Managed'
Mono path[1] = 'C:/Program Files/Unity/Hub/Editor/2021.1.4f1/Editor/Data/MonoBleedingEdge/lib/mono/unityjit'
Mono config path = 'C:/Program Files/Unity/Hub/Editor/2021.1.4f1/Editor/Data/MonoBleedingEdge/etc'
Using monoOptions --debugger-agent=transport=dt_socket,embedding=1,server=y,suspend=n,address=127.0.0.1:56556
Begin MonoManager ReloadAssembly
Registering precompiled unity dll's ...
Register platform support module: C:/Program Files/Unity/Hub/Editor/2021.1.4f1/Editor/Data/PlaybackEngines/WindowsStandaloneSupport/UnityEditor.WindowsStandalone.Extensions.dll
Registered in 0.003287 seconds.
Native extension for WindowsStandalone target not found
Refreshing native plugins compatible for Editor in 166.88 ms, found 2 plugins.
Preloading 0 native plugins for Editor in 0.00 ms.
Mono: successfully reloaded assembly
- Completed reload, in  2.154 seconds
Platform modules already initialized, skipping
Registering precompiled user dll's ...
Registered in 0.003941 seconds.
Begin MonoManager ReloadAssembly
Native extension for WindowsStandalone target not found
Refreshing native plugins compatible for Editor in 156.61 ms, found 2 plugins.
Preloading 0 native plugins for Editor in 0.00 ms.
Mono: successfully reloaded assembly
- Completed reload, in  1.902 seconds
Platform modules already initialized, skipping
========================================================================
Worker process is ready to serve import requests
Launched and connected shader compiler UnityShaderCompiler.exe after 0.19 seconds
Refreshing native plugins compatible for Editor in 1.18 ms, found 2 plugins.
Preloading 0 native plugins for Editor in 0.00 ms.
Unloading 3375 Unused Serialized files (Serialized files now loaded: 0)
System memory in use before: 128.1 MB.
System memory in use after: 128.1 MB.

Unloading 29 unused Assets to reduce memory usage. Loaded Objects now: 3829.
Total: 3.643500 ms (FindLiveObjects: 0.516500 ms CreateObjectMapping: 0.166100 ms MarkObjects: 2.773000 ms  DeleteObjects: 0.186600 ms)

========================================================================
Received Import Request.
  path: Assets/Scripts/PlayerController.cs
  artifactKey: Guid(94b7d7cb668dce244924e5842cef9134) Importer(815301076,1909f56bfc062723c751e8b465ee728b)
Start importing Assets/Scripts/PlayerController.cs using Guid(94b7d7cb668dce244924e5842cef9134) Importer(815301076,1909f56bfc062723c751e8b465ee728b)  -> (artifact id: 'b93d27e8463ebe92914519dc748ce58b') in 0.340092 seconds 
========================================================================
Received Prepare
Registering precompiled user dll's ...
Registered in 0.004289 seconds.
Begin MonoManager ReloadAssembly
Native extension for WindowsStandalone target not found
Refreshing native plugins compatible for Editor in 1.10 ms, found 2 plugins.
Preloading 0 native plugins for Editor in 0.00 ms.
Mono: successfully reloaded assembly
- Completed reload, in  1.746 seconds
Platform modules already initialized, skipping
Refreshing native plugins compatible for Editor in 1.20 ms, found 2 plugins.
Preloading 0 native plugins for Editor in 0.00 ms.
Unloading 3370 Unused Serialized files (Serialized files now loaded: 0)
System memory in use before: 128.1 MB.
System memory in use after: 128.2 MB.

Unloading 17 unused Assets to reduce memory usage. Loaded Objects now: 3833.
Total: 3.548600 ms (FindLiveObjects: 0.479500 ms CreateObjectMapping: 0.174900 ms MarkObjects: 2.723900 ms  DeleteObjects: 0.169000 ms)

========================================================================
Received Prepare
Registering precompiled user dll's ...
Registered in 0.004300 seconds.
Begin MonoManager ReloadAssembly
Native extension for WindowsStandalone target not found
Refreshing native plugins compatible for Editor in 1.27 ms, found 2 plugins.
Preloading 0 native plugins for Editor in 0.00 ms.
Mono: successfully reloaded assembly
- Completed reload, in  1.790 seconds
Platform modules already initialized, skipping
Refreshing native plugins compatible for Editor in 1.16 ms, found 2 plugins.
Preloading 0 native plugins for Editor in 0.00 ms.
Unloading 3370 Unused Serialized files (Serialized files now loaded: 0)
System memory in use before: 128.1 MB.
System memory in use after: 128.2 MB.

Unloading 17 unused Assets to reduce memory usage. Loaded Objects now: 3837.
Total: 3.605600 ms (FindLiveObjects: 0.534500 ms CreateObjectMapping: 0.164400 ms MarkObjects: 2.731500 ms  DeleteObjects: 0.174000 ms)

========================================================================
Received Prepare
Registering precompiled user dll's ...
Registered in 0.004844 seconds.
Begin MonoManager ReloadAssembly
Native extension for WindowsStandalone target not found
Refreshing native plugins compatible for Editor in 1.56 ms, found 2 plugins.
Preloading 0 native plugins for Editor in 0.00 ms.
Mono: successfully reloaded assembly
- Completed reload, in  1.715 seconds
Platform modules already initialized, skipping
Refreshing native plugins compatible for Editor in 1.42 ms, found 2 plugins.
Preloading 0 native plugins for Editor in 0.00 ms.
Unloading 3370 Unused Serialized files (Serialized files now loaded: 0)
System memory in use before: 128.2 MB.
System memory in use after: 128.3 MB.

Unloading 17 unused Assets to reduce memory usage. Loaded Objects now: 3841.
Total: 3.646200 ms (FindLiveObjects: 0.540700 ms CreateObjectMapping: 0.165100 ms MarkObjects: 2.792200 ms  DeleteObjects: 0.146500 ms)

========================================================================
Received Prepare
Registering precompiled user dll's ...
Registered in 0.004919 seconds.
Begin MonoManager ReloadAssembly
Native extension for WindowsStandalone target not found
Refreshing native plugins compatible for Editor in 1.25 ms, found 2 plugins.
Preloading 0 native plugins for Editor in 0.00 ms.
Mono: successfully reloaded assembly
- Completed reload, in  1.734 seconds
Platform modules already initialized, skipping
Refreshing native plugins compatible for Editor in 1.10 ms, found 2 plugins.
Preloading 0 native plugins for Editor in 0.00 ms.
Unloading 3370 Unused Serialized files (Serialized files now loaded: 0)
System memory in use before: 128.2 MB.
System memory in use after: 128.3 MB.

Unloading 17 unused Assets to reduce memory usage. Loaded Objects now: 3845.
Total: 4.477600 ms (FindLiveObjects: 0.567800 ms CreateObjectMapping: 0.182800 ms MarkObjects: 3.562100 ms  DeleteObjects: 0.163300 ms)

========================================================================
Received Prepare
Registering precompiled user dll's ...
Registered in 0.004971 seconds.
Begin MonoManager ReloadAssembly
Native extension for WindowsStandalone target not found
Refreshing native plugins compatible for Editor in 1.10 ms, found 2 plugins.
Preloading 0 native plugins for Editor in 0.00 ms.
Mono: successfully reloaded assembly
- Completed reload, in  1.674 seconds
Platform modules already initialized, skipping
Refreshing native plugins compatible for Editor in 1.26 ms, found 2 plugins.
Preloading 0 native plugins for Editor in 0.00 ms.
Unloading 3370 Unused Serialized files (Serialized files now loaded: 0)
System memory in use before: 128.2 MB.
System memory in use after: 128.3 MB.

Unloading 17 unused Assets to reduce memory usage. Loaded Objects now: 3849.
Total: 3.818400 ms (FindLiveObjects: 0.481900 ms CreateObjectMapping: 0.171500 ms MarkObjects: 2.907000 ms  DeleteObjects: 0.256100 ms)

========================================================================
Received Prepare
Registering precompiled user dll's ...
Registered in 0.004833 seconds.
Begin MonoManager ReloadAssembly
Native extension for WindowsStandalone target not found
Refreshing native plugins compatible for Editor in 1.21 ms, found 2 plugins.
Preloading 0 native plugins for Editor in 0.00 ms.
Mono: successfully reloaded assembly
- Completed reload, in  1.702 seconds
Platform modules already initialized, skipping
Refreshing native plugins compatible for Editor in 1.29 ms, found 2 plugins.
Preloading 0 native plugins for Editor in 0.00 ms.
Unloading 3370 Unused Serialized files (Serialized files now loaded: 0)
System memory in use before: 128.2 MB.
System memory in use after: 128.3 MB.

Unloading 17 unused Assets to reduce memory usage. Loaded Objects now: 3853.
Total: 3.910200 ms (FindLiveObjects: 0.543800 ms CreateObjectMapping: 0.166800 ms MarkObjects: 3.027300 ms  DeleteObjects: 0.170000 ms)

========================================================================
Received Prepare
Registering precompiled user dll's ...
Registered in 0.004372 seconds.
Begin MonoManager ReloadAssembly
Native extension for WindowsStandalone target not found
Refreshing native plugins compatible for Editor in 1.12 ms, found 2 plugins.
Preloading 0 native plugins for Editor in 0.00 ms.
Mono: successfully reloaded assembly
- Completed reload, in  1.672 seconds
Platform modules already initialized, skipping
Refreshing native plugins compatible for Editor in 1.22 ms, found 2 plugins.
Preloading 0 native plugins for Editor in 0.00 ms.
Unloading 3370 Unused Serialized files (Serialized files now loaded: 0)
System memory in use before: 128.2 MB.
System memory in use after: 128.3 MB.

Unloading 17 unused Assets to reduce memory usage. Loaded Objects now: 3857.
Total: 4.815000 ms (FindLiveObjects: 0.683600 ms CreateObjectMapping: 0.655700 ms MarkObjects: 3.277600 ms  DeleteObjects: 0.196400 ms)

========================================================================
Received Prepare
Registering precompiled user dll's ...
Registered in 0.004173 seconds.
Begin MonoManager ReloadAssembly
Native extension for WindowsStandalone target not found
Refreshing native plugins compatible for Editor in 1.18 ms, found 2 plugins.
Preloading 0 native plugins for Editor in 0.00 ms.
Mono: successfully reloaded assembly
- Completed reload, in  1.561 seconds
Platform modules already initialized, skipping
Refreshing native plugins compatible for Editor in 1.10 ms, found 2 plugins.
Preloading 0 native plugins for Editor in 0.00 ms.
Unloading 3370 Unused Serialized files (Serialized files now loaded: 0)
System memory in use before: 128.2 MB.
System memory in use after: 128.3 MB.

Unloading 17 unused Assets to reduce memory usage. Loaded Objects now: 3861.
Total: 3.871100 ms (FindLiveObjects: 0.445900 ms CreateObjectMapping: 0.175200 ms MarkObjects: 3.097100 ms  DeleteObjects: 0.151900 ms)

========================================================================
Received Import Request.
  Time since last request: 1956.311090 seconds.
  path: Assets/Spritesheets/Sprites/PrisonBase Sprites/copfaceUI1.png
  artifactKey: Guid(76836e0a10302ef43ab138643441af75) Importer(815301076,1909f56bfc062723c751e8b465ee728b)
Start importing Assets/Spritesheets/Sprites/PrisonBase Sprites/copfaceUI1.png using Guid(76836e0a10302ef43ab138643441af75) Importer(815301076,1909f56bfc062723c751e8b465ee728b)  -> (artifact id: '9d42ab8d7a10553548cd5fea3284852c') in 0.312851 seconds 
========================================================================
Received Import Request.
  Time since last request: 228.734400 seconds.
  path: Assets/Spritesheets/Sprites/PrisonBase Sprites/copfaceUI2.png
  artifactKey: Guid(1d94a1d7206b0644dbcd858a70938ee9) Importer(815301076,1909f56bfc062723c751e8b465ee728b)
Start importing Assets/Spritesheets/Sprites/PrisonBase Sprites/copfaceUI2.png using Guid(1d94a1d7206b0644dbcd858a70938ee9) Importer(815301076,1909f56bfc062723c751e8b465ee728b)  -> (artifact id: '42b77b14d5ca7ffcd004898ea9e2ac72') in 0.030092 seconds 
========================================================================
Received Prepare
Registering precompiled user dll's ...
Registered in 0.004361 seconds.
Begin MonoManager ReloadAssembly
Native extension for WindowsStandalone target not found
Refreshing native plugins compatible for Editor in 1.20 ms, found 2 plugins.
Preloading 0 native plugins for Editor in 0.00 ms.
Mono: successfully reloaded assembly
- Completed reload, in  1.666 seconds
Platform modules already initialized, skipping
Refreshing native plugins compatible for Editor in 1.20 ms, found 2 plugins.
Preloading 0 native plugins for Editor in 0.00 ms.
Unloading 3372 Unused Serialized files (Serialized files now loaded: 0)
System memory in use before: 135.1 MB.
System memory in use after: 135.2 MB.

Unloading 17 unused Assets to reduce memory usage. Loaded Objects now: 3901.
Total: 9.457800 ms (FindLiveObjects: 0.637700 ms CreateObjectMapping: 0.311100 ms MarkObjects: 8.280400 ms  DeleteObjects: 0.226800 ms)

========================================================================
Received Prepare
Registering precompiled user dll's ...
Registered in 0.004415 seconds.
Begin MonoManager ReloadAssembly
Native extension for WindowsStandalone target not found
Refreshing native plugins compatible for Editor in 1.18 ms, found 2 plugins.
Preloading 0 native plugins for Editor in 0.00 ms.
Mono: successfully reloaded assembly
- Completed reload, in  1.592 seconds
Platform modules already initialized, skipping
Refreshing native plugins compatible for Editor in 1.10 ms, found 2 plugins.
Preloading 0 native plugins for Editor in 0.00 ms.
Unloading 3370 Unused Serialized files (Serialized files now loaded: 0)
System memory in use before: 135.0 MB.
System memory in use after: 135.1 MB.

Unloading 17 unused Assets to reduce memory usage. Loaded Objects now: 3905.
Total: 3.603900 ms (FindLiveObjects: 0.495700 ms CreateObjectMapping: 0.172300 ms MarkObjects: 2.781200 ms  DeleteObjects: 0.153300 ms)

========================================================================
Received Prepare
Registering precompiled user dll's ...
Registered in 0.004890 seconds.
Begin MonoManager ReloadAssembly
Native extension for WindowsStandalone target not found
Refreshing native plugins compatible for Editor in 1.18 ms, found 2 plugins.
Preloading 0 native plugins for Editor in 0.00 ms.
Mono: successfully reloaded assembly
- Completed reload, in  1.587 seconds
Platform modules already initialized, skipping
Refreshing native plugins compatible for Editor in 1.30 ms, found 2 plugins.
Preloading 0 native plugins for Editor in 0.00 ms.
Unloading 3370 Unused Serialized files (Serialized files now loaded: 0)
System memory in use before: 135.0 MB.
System memory in use after: 135.1 MB.

Unloading 17 unused Assets to reduce memory usage. Loaded Objects now: 3909.
Total: 4.216200 ms (FindLiveObjects: 0.641600 ms CreateObjectMapping: 0.305500 ms MarkObjects: 3.100900 ms  DeleteObjects: 0.166300 ms)

========================================================================
Received Prepare
Registering precompiled user dll's ...
Registered in 0.004690 seconds.
Begin MonoManager ReloadAssembly
Native extension for WindowsStandalone target not found
Refreshing native plugins compatible for Editor in 1.22 ms, found 2 plugins.
Preloading 0 native plugins for Editor in 0.00 ms.
Mono: successfully reloaded assembly
- Completed reload, in  1.816 seconds
Platform modules already initialized, skipping
Refreshing native plugins compatible for Editor in 1.23 ms, found 2 plugins.
Preloading 0 native plugins for Editor in 0.00 ms.
Unloading 3370 Unused Serialized files (Serialized files now loaded: 0)
System memory in use before: 135.0 MB.
System memory in use after: 135.1 MB.

Unloading 17 unused Assets to reduce memory usage. Loaded Objects now: 3913.
Total: 4.495200 ms (FindLiveObjects: 0.546800 ms CreateObjectMapping: 0.203900 ms MarkObjects: 3.580200 ms  DeleteObjects: 0.162500 ms)

========================================================================
Received Prepare
Registering precompiled user dll's ...
Registered in 0.005264 seconds.
Begin MonoManager ReloadAssembly
Native extension for WindowsStandalone target not found
Refreshing native plugins compatible for Editor in 1.13 ms, found 2 plugins.
Preloading 0 native plugins for Editor in 0.00 ms.
Mono: successfully reloaded assembly
- Completed reload, in  1.910 seconds
Platform modules already initialized, skipping
Refreshing native plugins compatible for Editor in 1.30 ms, found 2 plugins.
Preloading 0 native plugins for Editor in 0.00 ms.
Unloading 3370 Unused Serialized files (Serialized files now loaded: 0)
System memory in use before: 135.1 MB.
System memory in use after: 135.2 MB.

Unloading 17 unused Assets to reduce memory usage. Loaded Objects now: 3917.
Total: 4.925500 ms (FindLiveObjects: 0.543800 ms CreateObjectMapping: 0.186900 ms MarkObjects: 3.676900 ms  DeleteObjects: 0.515300 ms)

========================================================================
Received Import Request.
  Time since last request: 5495.267849 seconds.
  path: Assets/Scripts/DialogManager.cs
  artifactKey: Guid(2f0fd748ea1046e4cae15bd3659b2425) Importer(815301076,1909f56bfc062723c751e8b465ee728b)
Start importing Assets/Scripts/DialogManager.cs using Guid(2f0fd748ea1046e4cae15bd3659b2425) Importer(815301076,1909f56bfc062723c751e8b465ee728b)  -> (artifact id: 'cbf10596549d56e71fea38b2a6fd4bb7') in 0.060364 seconds 
========================================================================
Received Import Request.
  Time since last request: 53.557643 seconds.
  path: Assets/Scripts/NPCController.cs
  artifactKey: Guid(e9c21db0859b1af49a8b5282a6a0d39b) Importer(815301076,1909f56bfc062723c751e8b465ee728b)
Start importing Assets/Scripts/NPCController.cs using Guid(e9c21db0859b1af49a8b5282a6a0d39b) Importer(815301076,1909f56bfc062723c751e8b465ee728b)  -> (artifact id: '51786768ebd2e18b082f947236a95877') in 0.028663 seconds 
========================================================================
Received Import Request.
  Time since last request: 613.804539 seconds.
  path: Assets/Scripts/ImageManager.cs
  artifactKey: Guid(f4af6a9e421e2d741ad86d8d5cb863ed) Importer(815301076,1909f56bfc062723c751e8b465ee728b)
Start importing Assets/Scripts/ImageManager.cs using Guid(f4af6a9e421e2d741ad86d8d5cb863ed) Importer(815301076,1909f56bfc062723c751e8b465ee728b)  -> (artifact id: 'cb59a4ecdcbf8e47db4c7c5bc732b175') in 0.015838 seconds 
========================================================================
Received Prepare
Registering precompiled user dll's ...
Registered in 0.004350 seconds.
Begin MonoManager ReloadAssembly
Native extension for WindowsStandalone target not found
Refreshing native plugins compatible for Editor in 1.16 ms, found 2 plugins.
Preloading 0 native plugins for Editor in 0.00 ms.
Mono: successfully reloaded assembly
- Completed reload, in  1.850 seconds
Platform modules already initialized, skipping
Refreshing native plugins compatible for Editor in 1.23 ms, found 2 plugins.
Preloading 0 native plugins for Editor in 0.00 ms.
Unloading 3371 Unused Serialized files (Serialized files now loaded: 0)
System memory in use before: 135.1 MB.
System memory in use after: 135.2 MB.

Unloading 17 unused Assets to reduce memory usage. Loaded Objects now: 3922.
Total: 3.817300 ms (FindLiveObjects: 0.459400 ms CreateObjectMapping: 0.236800 ms MarkObjects: 2.955500 ms  DeleteObjects: 0.164300 ms)

========================================================================
Received Import Request.
  Time since last request: 1044.491479 seconds.
  path: Assets/Scripts/Dialog.cs
  artifactKey: Guid(66edf98d8c6be2e4898d810ec8e4bdbb) Importer(815301076,1909f56bfc062723c751e8b465ee728b)
Start importing Assets/Scripts/Dialog.cs using Guid(66edf98d8c6be2e4898d810ec8e4bdbb) Importer(815301076,1909f56bfc062723c751e8b465ee728b)  -> (artifact id: 'd7893fdfa13a9b76bb21d9788332be13') in 0.022254 seconds 
========================================================================
Received Prepare
Registering precompiled user dll's ...
Registered in 0.004274 seconds.
Begin MonoManager ReloadAssembly
Native extension for WindowsStandalone target not found
Refreshing native plugins compatible for Editor in 1.23 ms, found 2 plugins.
Preloading 0 native plugins for Editor in 0.00 ms.
Mono: successfully reloaded assembly
- Completed reload, in  1.618 seconds
Platform modules already initialized, skipping
Refreshing native plugins compatible for Editor in 1.24 ms, found 2 plugins.
Preloading 0 native plugins for Editor in 0.00 ms.
Unloading 3370 Unused Serialized files (Serialized files now loaded: 0)
System memory in use before: 135.1 MB.
System memory in use after: 135.2 MB.

Unloading 18 unused Assets to reduce memory usage. Loaded Objects now: 3925.
Total: 3.686400 ms (FindLiveObjects: 0.530500 ms CreateObjectMapping: 0.165000 ms MarkObjects: 2.841200 ms  DeleteObjects: 0.148300 ms)

========================================================================
Received Import Request.
  Time since last request: 626.671070 seconds.
  path: Assets/Scripts/Image.cs
  artifactKey: Guid(955b9bab5c8058245af007cc7aa26757) Importer(815301076,1909f56bfc062723c751e8b465ee728b)
Start importing Assets/Scripts/Image.cs using Guid(955b9bab5c8058245af007cc7aa26757) Importer(815301076,1909f56bfc062723c751e8b465ee728b)  -> (artifact id: '92803b32c841a656924db9a5dcf6cd62') in 0.017677 seconds 
========================================================================
Received Prepare
Registering precompiled user dll's ...
Registered in 0.004463 seconds.
Begin MonoManager ReloadAssembly
Native extension for WindowsStandalone target not found
Refreshing native plugins compatible for Editor in 1.11 ms, found 2 plugins.
Preloading 0 native plugins for Editor in 0.00 ms.
Mono: successfully reloaded assembly
- Completed reload, in  1.619 seconds
Platform modules already initialized, skipping
Refreshing native plugins compatible for Editor in 1.33 ms, found 2 plugins.
Preloading 0 native plugins for Editor in 0.00 ms.
Unloading 3371 Unused Serialized files (Serialized files now loaded: 0)
System memory in use before: 135.1 MB.
System memory in use after: 135.2 MB.

Unloading 17 unused Assets to reduce memory usage. Loaded Objects now: 3930.
Total: 4.550400 ms (FindLiveObjects: 0.772300 ms CreateObjectMapping: 0.190900 ms MarkObjects: 3.346200 ms  DeleteObjects: 0.239300 ms)

========================================================================
Received Prepare
Registering precompiled user dll's ...
Registered in 0.004916 seconds.
Begin MonoManager ReloadAssembly
Native extension for WindowsStandalone target not found
Refreshing native plugins compatible for Editor in 1.50 ms, found 2 plugins.
Preloading 0 native plugins for Editor in 0.00 ms.
Mono: successfully reloaded assembly
- Completed reload, in  1.939 seconds
Platform modules already initialized, skipping
Refreshing native plugins compatible for Editor in 1.25 ms, found 2 plugins.
Preloading 0 native plugins for Editor in 0.00 ms.
Unloading 3371 Unused Serialized files (Serialized files now loaded: 0)
System memory in use before: 135.1 MB.
System memory in use after: 135.2 MB.

Unloading 17 unused Assets to reduce memory usage. Loaded Objects now: 3934.
Total: 4.204900 ms (FindLiveObjects: 0.489800 ms CreateObjectMapping: 0.163600 ms MarkObjects: 3.344700 ms  DeleteObjects: 0.204800 ms)

========================================================================
Received Prepare
Registering precompiled user dll's ...
Registered in 0.004658 seconds.
Begin MonoManager ReloadAssembly
Native extension for WindowsStandalone target not found
Refreshing native plugins compatible for Editor in 1.16 ms, found 2 plugins.
Preloading 0 native plugins for Editor in 0.00 ms.
Mono: successfully reloaded assembly
- Completed reload, in  1.615 seconds
Platform modules already initialized, skipping
Refreshing native plugins compatible for Editor in 1.09 ms, found 2 plugins.
Preloading 0 native plugins for Editor in 0.00 ms.
Unloading 3371 Unused Serialized files (Serialized files now loaded: 0)
System memory in use before: 135.1 MB.
System memory in use after: 135.2 MB.

Unloading 17 unused Assets to reduce memory usage. Loaded Objects now: 3938.
Total: 4.095400 ms (FindLiveObjects: 0.459500 ms CreateObjectMapping: 0.168600 ms MarkObjects: 3.319600 ms  DeleteObjects: 0.146500 ms)

========================================================================
Received Prepare
Registering precompiled user dll's ...
Registered in 0.005040 seconds.
Begin MonoManager ReloadAssembly
Native extension for WindowsStandalone target not found
Refreshing native plugins compatible for Editor in 1.11 ms, found 2 plugins.
Preloading 0 native plugins for Editor in 0.00 ms.
Mono: successfully reloaded assembly
- Completed reload, in  1.780 seconds
Platform modules already initialized, skipping
Refreshing native plugins compatible for Editor in 1.13 ms, found 2 plugins.
Preloading 0 native plugins for Editor in 0.00 ms.
Unloading 3371 Unused Serialized files (Serialized files now loaded: 0)
System memory in use before: 135.1 MB.
System memory in use after: 135.2 MB.

Unloading 17 unused Assets to reduce memory usage. Loaded Objects now: 3942.
Total: 3.667600 ms (FindLiveObjects: 0.447500 ms CreateObjectMapping: 0.166200 ms MarkObjects: 2.903700 ms  DeleteObjects: 0.148900 ms)

========================================================================
Received Prepare
Registering precompiled user dll's ...
Registered in 0.004254 seconds.
Begin MonoManager ReloadAssembly
Native extension for WindowsStandalone target not found
Refreshing native plugins compatible for Editor in 1.80 ms, found 2 plugins.
Preloading 0 native plugins for Editor in 0.00 ms.
Mono: successfully reloaded assembly
- Completed reload, in  2.032 seconds
Platform modules already initialized, skipping
Refreshing native plugins compatible for Editor in 1.60 ms, found 2 plugins.
Preloading 0 native plugins for Editor in 0.00 ms.
Unloading 3371 Unused Serialized files (Serialized files now loaded: 0)
System memory in use before: 135.1 MB.
System memory in use after: 135.2 MB.

Unloading 17 unused Assets to reduce memory usage. Loaded Objects now: 3946.
Total: 5.745100 ms (FindLiveObjects: 0.588200 ms CreateObjectMapping: 0.184000 ms MarkObjects: 4.697700 ms  DeleteObjects: 0.273900 ms)

========================================================================
Received Prepare
Registering precompiled user dll's ...
Registered in 0.004157 seconds.
Begin MonoManager ReloadAssembly
Native extension for WindowsStandalone target not found
Refreshing native plugins compatible for Editor in 1.44 ms, found 2 plugins.
Preloading 0 native plugins for Editor in 0.00 ms.
Mono: successfully reloaded assembly
- Completed reload, in  1.553 seconds
Platform modules already initialized, skipping
Refreshing native plugins compatible for Editor in 1.14 ms, found 2 plugins.
Preloading 0 native plugins for Editor in 0.00 ms.
Unloading 3371 Unused Serialized files (Serialized files now loaded: 0)
System memory in use before: 135.1 MB.
System memory in use after: 135.2 MB.

Unloading 17 unused Assets to reduce memory usage. Loaded Objects now: 3950.
Total: 3.549700 ms (FindLiveObjects: 0.455300 ms CreateObjectMapping: 0.173100 ms MarkObjects: 2.768900 ms  DeleteObjects: 0.151100 ms)

========================================================================
Received Import Request.
  Time since last request: 3813.811210 seconds.
  path: Assets/Prefabs/TestTilemap.prefab
  artifactKey: Guid(fffab1e24404cd349844357db42b1bf9) Importer(815301076,1909f56bfc062723c751e8b465ee728b)
Start importing Assets/Prefabs/TestTilemap.prefab using Guid(fffab1e24404cd349844357db42b1bf9) Importer(815301076,1909f56bfc062723c751e8b465ee728b)  -> (artifact id: 'e8a81e8e77f1296d9e4caebe6d35a98e') in 0.055343 seconds 
========================================================================
Received Import Request.
  Time since last request: 35.229847 seconds.
  path: Assets/Prefabs/TestTilemap.prefab
  artifactKey: Guid(fffab1e24404cd349844357db42b1bf9) Importer(815301076,1909f56bfc062723c751e8b465ee728b)
Start importing Assets/Prefabs/TestTilemap.prefab using Guid(fffab1e24404cd349844357db42b1bf9) Importer(815301076,1909f56bfc062723c751e8b465ee728b)  -> (artifact id: 'e621ba08b8ea30a51260b06ef78a4209') in 0.009946 seconds 
========================================================================
Received Prepare
Registering precompiled user dll's ...
Registered in 0.005053 seconds.
Begin MonoManager ReloadAssembly
Native extension for WindowsStandalone target not found
Refreshing native plugins compatible for Editor in 1.22 ms, found 2 plugins.
Preloading 0 native plugins for Editor in 0.00 ms.
Mono: successfully reloaded assembly
- Completed reload, in  1.613 seconds
Platform modules already initialized, skipping
Refreshing native plugins compatible for Editor in 1.30 ms, found 2 plugins.
Preloading 0 native plugins for Editor in 0.00 ms.
Unloading 3371 Unused Serialized files (Serialized files now loaded: 0)
System memory in use before: 135.2 MB.
System memory in use after: 135.3 MB.

Unloading 17 unused Assets to reduce memory usage. Loaded Objects now: 3954.
Total: 3.886000 ms (FindLiveObjects: 0.553100 ms CreateObjectMapping: 0.199600 ms MarkObjects: 2.965100 ms  DeleteObjects: 0.166600 ms)

========================================================================
Received Prepare
Registering precompiled user dll's ...
Registered in 0.004842 seconds.
Begin MonoManager ReloadAssembly
Native extension for WindowsStandalone target not found
Refreshing native plugins compatible for Editor in 1.24 ms, found 2 plugins.
Preloading 0 native plugins for Editor in 0.00 ms.
Mono: successfully reloaded assembly
- Completed reload, in  1.647 seconds
Platform modules already initialized, skipping
Refreshing native plugins compatible for Editor in 1.21 ms, found 2 plugins.
Preloading 0 native plugins for Editor in 0.00 ms.
Unloading 3371 Unused Serialized files (Serialized files now loaded: 0)
System memory in use before: 135.2 MB.
System memory in use after: 135.3 MB.

Unloading 17 unused Assets to reduce memory usage. Loaded Objects now: 3958.
Total: 3.621100 ms (FindLiveObjects: 0.483800 ms CreateObjectMapping: 0.181600 ms MarkObjects: 2.775500 ms  DeleteObjects: 0.179100 ms)

========================================================================
Received Prepare
Registering precompiled user dll's ...
Registered in 0.004136 seconds.
Begin MonoManager ReloadAssembly
Native extension for WindowsStandalone target not found
Refreshing native plugins compatible for Editor in 1.13 ms, found 2 plugins.
Preloading 0 native plugins for Editor in 0.00 ms.
Mono: successfully reloaded assembly
- Completed reload, in  1.564 seconds
Platform modules already initialized, skipping
Refreshing native plugins compatible for Editor in 1.31 ms, found 2 plugins.
Preloading 0 native plugins for Editor in 0.00 ms.
Unloading 3371 Unused Serialized files (Serialized files now loaded: 0)
System memory in use before: 135.2 MB.
System memory in use after: 135.3 MB.

Unloading 17 unused Assets to reduce memory usage. Loaded Objects now: 3962.
Total: 3.655200 ms (FindLiveObjects: 0.527400 ms CreateObjectMapping: 0.165900 ms MarkObjects: 2.800400 ms  DeleteObjects: 0.160100 ms)

========================================================================
Received Import Request.
  Time since last request: 395.527035 seconds.
  path: Assets/Prefabs/TestTilemap.prefab
  artifactKey: Guid(fffab1e24404cd349844357db42b1bf9) Importer(815301076,1909f56bfc062723c751e8b465ee728b)
Start importing Assets/Prefabs/TestTilemap.prefab using Guid(fffab1e24404cd349844357db42b1bf9) Importer(815301076,1909f56bfc062723c751e8b465ee728b)  -> (artifact id: '6c99786ce960574a0364d65acc7f2d6f') in 0.053097 seconds 
========================================================================
Received Import Request.
  Time since last request: 10.297950 seconds.
  path: Assets/Prefabs/TestTilemap.prefab
  artifactKey: Guid(fffab1e24404cd349844357db42b1bf9) Importer(815301076,1909f56bfc062723c751e8b465ee728b)
Start importing Assets/Prefabs/TestTilemap.prefab using Guid(fffab1e24404cd349844357db42b1bf9) Importer(815301076,1909f56bfc062723c751e8b465ee728b)  -> (artifact id: '1694fbbecc567833b29d47e9dd326c01') in 0.008306 seconds 
========================================================================
Received Import Request.
  Time since last request: 1.133611 seconds.
  path: Assets/Prefabs/TestTilemap.prefab
  artifactKey: Guid(fffab1e24404cd349844357db42b1bf9) Importer(815301076,1909f56bfc062723c751e8b465ee728b)
Start importing Assets/Prefabs/TestTilemap.prefab using Guid(fffab1e24404cd349844357db42b1bf9) Importer(815301076,1909f56bfc062723c751e8b465ee728b)  -> (artifact id: '61a04d78fea85de0c855d80696a26993') in 0.013502 seconds 
========================================================================
Received Import Request.
  Time since last request: 4.889843 seconds.
  path: Assets/Prefabs/TestTilemap.prefab
  artifactKey: Guid(fffab1e24404cd349844357db42b1bf9) Importer(815301076,1909f56bfc062723c751e8b465ee728b)
Start importing Assets/Prefabs/TestTilemap.prefab using Guid(fffab1e24404cd349844357db42b1bf9) Importer(815301076,1909f56bfc062723c751e8b465ee728b)  -> (artifact id: '991d50ce7829052a661cd0e8c30f2efa') in 0.009413 seconds 
========================================================================
Received Prepare
Registering precompiled user dll's ...
Registered in 0.004849 seconds.
Begin MonoManager ReloadAssembly
Native extension for WindowsStandalone target not found
Refreshing native plugins compatible for Editor in 1.20 ms, found 2 plugins.
Preloading 0 native plugins for Editor in 0.00 ms.
Mono: successfully reloaded assembly
- Completed reload, in  1.637 seconds
Platform modules already initialized, skipping
Refreshing native plugins compatible for Editor in 1.05 ms, found 2 plugins.
Preloading 0 native plugins for Editor in 0.00 ms.
Unloading 3371 Unused Serialized files (Serialized files now loaded: 0)
System memory in use before: 135.2 MB.
System memory in use after: 135.3 MB.

Unloading 17 unused Assets to reduce memory usage. Loaded Objects now: 3966.
Total: 3.592300 ms (FindLiveObjects: 0.482400 ms CreateObjectMapping: 0.197600 ms MarkObjects: 2.767600 ms  DeleteObjects: 0.143600 ms)

========================================================================
Received Prepare
Registering precompiled user dll's ...
Registered in 0.004207 seconds.
Begin MonoManager ReloadAssembly
Native extension for WindowsStandalone target not found
Refreshing native plugins compatible for Editor in 1.15 ms, found 2 plugins.
Preloading 0 native plugins for Editor in 0.00 ms.
Mono: successfully reloaded assembly
- Completed reload, in  1.601 seconds
Platform modules already initialized, skipping
Refreshing native plugins compatible for Editor in 1.14 ms, found 2 plugins.
Preloading 0 native plugins for Editor in 0.00 ms.
Unloading 3371 Unused Serialized files (Serialized files now loaded: 0)
System memory in use before: 135.2 MB.
System memory in use after: 135.3 MB.

Unloading 17 unused Assets to reduce memory usage. Loaded Objects now: 3970.
Total: 4.164700 ms (FindLiveObjects: 0.564000 ms CreateObjectMapping: 0.185600 ms MarkObjects: 3.232200 ms  DeleteObjects: 0.181400 ms)

========================================================================
Received Prepare
Registering precompiled user dll's ...
Registered in 0.004816 seconds.
Begin MonoManager ReloadAssembly
Native extension for WindowsStandalone target not found
Refreshing native plugins compatible for Editor in 1.33 ms, found 2 plugins.
Preloading 0 native plugins for Editor in 0.00 ms.
Mono: successfully reloaded assembly
- Completed reload, in  1.749 seconds
Platform modules already initialized, skipping
Refreshing native plugins compatible for Editor in 1.19 ms, found 2 plugins.
Preloading 0 native plugins for Editor in 0.00 ms.
Unloading 3371 Unused Serialized files (Serialized files now loaded: 0)
System memory in use before: 135.2 MB.
System memory in use after: 135.3 MB.

Unloading 17 unused Assets to reduce memory usage. Loaded Objects now: 3974.
Total: 3.674400 ms (FindLiveObjects: 0.454800 ms CreateObjectMapping: 0.174600 ms MarkObjects: 2.880800 ms  DeleteObjects: 0.162800 ms)

========================================================================
Received Import Request.
  Time since last request: 663.074063 seconds.
  path: Assets/Prefabs/TestTilemap.prefab
  artifactKey: Guid(fffab1e24404cd349844357db42b1bf9) Importer(815301076,1909f56bfc062723c751e8b465ee728b)
Start importing Assets/Prefabs/TestTilemap.prefab using Guid(fffab1e24404cd349844357db42b1bf9) Importer(815301076,1909f56bfc062723c751e8b465ee728b)  -> (artifact id: '4b794a16a8681679f60be10fe812e766') in 0.038683 seconds 
========================================================================
Received Import Request.
  Time since last request: 337.140013 seconds.
  path: Assets/Prefabs/TestTilemap.prefab
  artifactKey: Guid(fffab1e24404cd349844357db42b1bf9) Importer(815301076,1909f56bfc062723c751e8b465ee728b)
Start importing Assets/Prefabs/TestTilemap.prefab using Guid(fffab1e24404cd349844357db42b1bf9) Importer(815301076,1909f56bfc062723c751e8b465ee728b)  -> (artifact id: '2cc073c85f35be70fb5b35849d4ba91d') in 0.013909 seconds 
========================================================================
Received Import Request.
  Time since last request: 48.506544 seconds.
  path: Assets/Prefabs/TestTilemap.prefab
  artifactKey: Guid(fffab1e24404cd349844357db42b1bf9) Importer(815301076,1909f56bfc062723c751e8b465ee728b)
Start importing Assets/Prefabs/TestTilemap.prefab using Guid(fffab1e24404cd349844357db42b1bf9) Importer(815301076,1909f56bfc062723c751e8b465ee728b)  -> (artifact id: '1a429ce150fa9c3fbb4b30f406ea18be') in 0.009829 seconds 
========================================================================
Received Import Request.
  Time since last request: 39.750011 seconds.
  path: Assets/Prefabs/TestTilemap.prefab
  artifactKey: Guid(fffab1e24404cd349844357db42b1bf9) Importer(815301076,1909f56bfc062723c751e8b465ee728b)
Start importing Assets/Prefabs/TestTilemap.prefab using Guid(fffab1e24404cd349844357db42b1bf9) Importer(815301076,1909f56bfc062723c751e8b465ee728b)  -> (artifact id: '38cb92ce6a63cf78190ec11865ffbfbe') in 0.009094 seconds 
========================================================================
Received Import Request.
  Time since last request: 2.704790 seconds.
  path: Assets/Prefabs/TestTilemap.prefab
  artifactKey: Guid(fffab1e24404cd349844357db42b1bf9) Importer(815301076,1909f56bfc062723c751e8b465ee728b)
Start importing Assets/Prefabs/TestTilemap.prefab using Guid(fffab1e24404cd349844357db42b1bf9) Importer(815301076,1909f56bfc062723c751e8b465ee728b)  -> (artifact id: 'd33ad926f334c234ec8345b49ac73b64') in 0.008682 seconds 
========================================================================
Received Import Request.
  Time since last request: 0.477683 seconds.
  path: Assets/Prefabs/TestTilemap.prefab
  artifactKey: Guid(fffab1e24404cd349844357db42b1bf9) Importer(815301076,1909f56bfc062723c751e8b465ee728b)
Start importing Assets/Prefabs/TestTilemap.prefab using Guid(fffab1e24404cd349844357db42b1bf9) Importer(815301076,1909f56bfc062723c751e8b465ee728b)  -> (artifact id: '4e752eadebb871fad68b74f87d6c17a3') in 0.007033 seconds 
========================================================================
Received Import Request.
  Time since last request: 35.479390 seconds.
  path: Assets/Prefabs/TestTilemap.prefab
  artifactKey: Guid(fffab1e24404cd349844357db42b1bf9) Importer(815301076,1909f56bfc062723c751e8b465ee728b)
Start importing Assets/Prefabs/TestTilemap.prefab using Guid(fffab1e24404cd349844357db42b1bf9) Importer(815301076,1909f56bfc062723c751e8b465ee728b)  -> (artifact id: '53ac022eac6d81b72f61b4f59982eeaa') in 0.008546 seconds 
========================================================================
Received Import Request.
  Time since last request: 16.702233 seconds.
  path: Assets/Prefabs/TestTilemap.prefab
  artifactKey: Guid(fffab1e24404cd349844357db42b1bf9) Importer(815301076,1909f56bfc062723c751e8b465ee728b)
Start importing Assets/Prefabs/TestTilemap.prefab using Guid(fffab1e24404cd349844357db42b1bf9) Importer(815301076,1909f56bfc062723c751e8b465ee728b)  -> (artifact id: '6f70f3f9aed75c3ea449fe19a2122c41') in 0.010349 seconds 
========================================================================
Received Import Request.
  Time since last request: 13.249938 seconds.
  path: Assets/Prefabs/TestTilemap.prefab
  artifactKey: Guid(fffab1e24404cd349844357db42b1bf9) Importer(815301076,1909f56bfc062723c751e8b465ee728b)
Start importing Assets/Prefabs/TestTilemap.prefab using Guid(fffab1e24404cd349844357db42b1bf9) Importer(815301076,1909f56bfc062723c751e8b465ee728b)  -> (artifact id: '0e7d74d81974de0b5221d3a44c5946a5') in 0.009244 seconds 
========================================================================
Received Import Request.
  Time since last request: 8.547989 seconds.
  path: Assets/Prefabs/TestTilemap.prefab
  artifactKey: Guid(fffab1e24404cd349844357db42b1bf9) Importer(815301076,1909f56bfc062723c751e8b465ee728b)
Start importing Assets/Prefabs/TestTilemap.prefab using Guid(fffab1e24404cd349844357db42b1bf9) Importer(815301076,1909f56bfc062723c751e8b465ee728b)  -> (artifact id: 'cbf85d8a4d5f8d5ecaf1da9a5a159445') in 0.009494 seconds 
========================================================================
Received Import Request.
  Time since last request: 2.736010 seconds.
  path: Assets/Prefabs/TestTilemap.prefab
  artifactKey: Guid(fffab1e24404cd349844357db42b1bf9) Importer(815301076,1909f56bfc062723c751e8b465ee728b)
Start importing Assets/Prefabs/TestTilemap.prefab using Guid(fffab1e24404cd349844357db42b1bf9) Importer(815301076,1909f56bfc062723c751e8b465ee728b)  -> (artifact id: '34823160df10635a4bf03c72850237d6') in 0.008252 seconds 
========================================================================
Received Import Request.
  Time since last request: 10.024612 seconds.
  path: Assets/Prefabs/TestTilemap.prefab
  artifactKey: Guid(fffab1e24404cd349844357db42b1bf9) Importer(815301076,1909f56bfc062723c751e8b465ee728b)
Start importing Assets/Prefabs/TestTilemap.prefab using Guid(fffab1e24404cd349844357db42b1bf9) Importer(815301076,1909f56bfc062723c751e8b465ee728b)  -> (artifact id: '94c42b3ab6fa17a67cf6f1a0b606eb75') in 0.007375 seconds 
========================================================================
Received Import Request.
  Time since last request: 23.392875 seconds.
  path: Assets/Prefabs/TestTilemap.prefab
  artifactKey: Guid(fffab1e24404cd349844357db42b1bf9) Importer(815301076,1909f56bfc062723c751e8b465ee728b)
Start importing Assets/Prefabs/TestTilemap.prefab using Guid(fffab1e24404cd349844357db42b1bf9) Importer(815301076,1909f56bfc062723c751e8b465ee728b)  -> (artifact id: 'c60117b9208ce9b7b6799d68057a423f') in 0.007737 seconds 
========================================================================
Received Import Request.
  Time since last request: 7.986271 seconds.
  path: Assets/Prefabs/TestTilemap.prefab
  artifactKey: Guid(fffab1e24404cd349844357db42b1bf9) Importer(815301076,1909f56bfc062723c751e8b465ee728b)
Start importing Assets/Prefabs/TestTilemap.prefab using Guid(fffab1e24404cd349844357db42b1bf9) Importer(815301076,1909f56bfc062723c751e8b465ee728b)  -> (artifact id: '64161c5dc91c9484a21bdf5ea38f6036') in 0.012205 seconds 
========================================================================
Received Import Request.
  Time since last request: 12.800796 seconds.
  path: Assets/Prefabs/TestTilemap.prefab
  artifactKey: Guid(fffab1e24404cd349844357db42b1bf9) Importer(815301076,1909f56bfc062723c751e8b465ee728b)
Start importing Assets/Prefabs/TestTilemap.prefab using Guid(fffab1e24404cd349844357db42b1bf9) Importer(815301076,1909f56bfc062723c751e8b465ee728b)  -> (artifact id: '02db571b4581852c1dfc533662d612ce') in 0.009343 seconds 
========================================================================
Received Import Request.
  Time since last request: 3.555047 seconds.
  path: Assets/Prefabs/TestTilemap.prefab
  artifactKey: Guid(fffab1e24404cd349844357db42b1bf9) Importer(815301076,1909f56bfc062723c751e8b465ee728b)
Start importing Assets/Prefabs/TestTilemap.prefab using Guid(fffab1e24404cd349844357db42b1bf9) Importer(815301076,1909f56bfc062723c751e8b465ee728b)  -> (artifact id: '45720ea315b18978eef5d3f6e2193b35') in 0.009313 seconds 
========================================================================
Received Import Request.
  Time since last request: 7.383564 seconds.
  path: Assets/Prefabs/TestTilemap.prefab
  artifactKey: Guid(fffab1e24404cd349844357db42b1bf9) Importer(815301076,1909f56bfc062723c751e8b465ee728b)
Start importing Assets/Prefabs/TestTilemap.prefab using Guid(fffab1e24404cd349844357db42b1bf9) Importer(815301076,1909f56bfc062723c751e8b465ee728b)  -> (artifact id: 'e18fbd252af35a69a986ed3d6d84de17') in 0.009430 seconds 
========================================================================
Received Import Request.
  Time since last request: 5.173499 seconds.
  path: Assets/Prefabs/TestTilemap.prefab
  artifactKey: Guid(fffab1e24404cd349844357db42b1bf9) Importer(815301076,1909f56bfc062723c751e8b465ee728b)
Start importing Assets/Prefabs/TestTilemap.prefab using Guid(fffab1e24404cd349844357db42b1bf9) Importer(815301076,1909f56bfc062723c751e8b465ee728b)  -> (artifact id: '0652450ab901a02f45a858d806c8b8ad') in 0.011146 seconds 
========================================================================
Received Import Request.
  Time since last request: 2.699333 seconds.
  path: Assets/Prefabs/TestTilemap.prefab
  artifactKey: Guid(fffab1e24404cd349844357db42b1bf9) Importer(815301076,1909f56bfc062723c751e8b465ee728b)
Start importing Assets/Prefabs/TestTilemap.prefab using Guid(fffab1e24404cd349844357db42b1bf9) Importer(815301076,1909f56bfc062723c751e8b465ee728b)  -> (artifact id: 'c6be0b21310ab9d55d0520fe29e5c4fa') in 0.007066 seconds 
========================================================================
Received Import Request.
  Time since last request: 0.509226 seconds.
  path: Assets/Prefabs/TestTilemap.prefab
  artifactKey: Guid(fffab1e24404cd349844357db42b1bf9) Importer(815301076,1909f56bfc062723c751e8b465ee728b)
Start importing Assets/Prefabs/TestTilemap.prefab using Guid(fffab1e24404cd349844357db42b1bf9) Importer(815301076,1909f56bfc062723c751e8b465ee728b)  -> (artifact id: 'b5239ae9e7953e39095fd60807915d62') in 0.009113 seconds 
========================================================================
Received Import Request.
  Time since last request: 11.427331 seconds.
  path: Assets/Prefabs/TestTilemap.prefab
  artifactKey: Guid(fffab1e24404cd349844357db42b1bf9) Importer(815301076,1909f56bfc062723c751e8b465ee728b)
Start importing Assets/Prefabs/TestTilemap.prefab using Guid(fffab1e24404cd349844357db42b1bf9) Importer(815301076,1909f56bfc062723c751e8b465ee728b)  -> (artifact id: 'b527b23470437e561b766b9dcc5305c2') in 0.008437 seconds 
========================================================================
Received Import Request.
  Time since last request: 23.367571 seconds.
  path: Assets/Prefabs/TestTilemap.prefab
  artifactKey: Guid(fffab1e24404cd349844357db42b1bf9) Importer(815301076,1909f56bfc062723c751e8b465ee728b)
Start importing Assets/Prefabs/TestTilemap.prefab using Guid(fffab1e24404cd349844357db42b1bf9) Importer(815301076,1909f56bfc062723c751e8b465ee728b)  -> (artifact id: '4c773749ee52c13d46560d8d05d5165c') in 0.009120 seconds 
========================================================================
Received Import Request.
  Time since last request: 8.994081 seconds.
  path: Assets/Prefabs/TestTilemap.prefab
  artifactKey: Guid(fffab1e24404cd349844357db42b1bf9) Importer(815301076,1909f56bfc062723c751e8b465ee728b)
Start importing Assets/Prefabs/TestTilemap.prefab using Guid(fffab1e24404cd349844357db42b1bf9) Importer(815301076,1909f56bfc062723c751e8b465ee728b)  -> (artifact id: 'bf7953adaa0766ccd31b5500d138294f') in 0.006722 seconds 
========================================================================
Received Import Request.
  Time since last request: 14.479869 seconds.
  path: Assets/Prefabs/TestTilemap.prefab
  artifactKey: Guid(fffab1e24404cd349844357db42b1bf9) Importer(815301076,1909f56bfc062723c751e8b465ee728b)
Start importing Assets/Prefabs/TestTilemap.prefab using Guid(fffab1e24404cd349844357db42b1bf9) Importer(815301076,1909f56bfc062723c751e8b465ee728b)  -> (artifact id: 'e327b09d9f6df8924619d05942a81579') in 0.007289 seconds 
========================================================================
Received Import Request.
  Time since last request: 41.974419 seconds.
  path: Assets/Prefabs/TestTilemap.prefab
  artifactKey: Guid(fffab1e24404cd349844357db42b1bf9) Importer(815301076,1909f56bfc062723c751e8b465ee728b)
Start importing Assets/Prefabs/TestTilemap.prefab using Guid(fffab1e24404cd349844357db42b1bf9) Importer(815301076,1909f56bfc062723c751e8b465ee728b)  -> (artifact id: 'f3f51eac869d327977141d1643f37186') in 0.011041 seconds 
========================================================================
Received Prepare
Registering precompiled user dll's ...
Registered in 0.004708 seconds.
Begin MonoManager ReloadAssembly
Native extension for WindowsStandalone target not found
Refreshing native plugins compatible for Editor in 1.19 ms, found 2 plugins.
Preloading 0 native plugins for Editor in 0.00 ms.
Mono: successfully reloaded assembly
- Completed reload, in  1.752 seconds
Platform modules already initialized, skipping
Refreshing native plugins compatible for Editor in 1.16 ms, found 2 plugins.
Preloading 0 native plugins for Editor in 0.00 ms.
Unloading 3371 Unused Serialized files (Serialized files now loaded: 0)
System memory in use before: 135.9 MB.
System memory in use after: 136.0 MB.

Unloading 17 unused Assets to reduce memory usage. Loaded Objects now: 3978.
Total: 3.745900 ms (FindLiveObjects: 0.475400 ms CreateObjectMapping: 0.178400 ms MarkObjects: 2.947000 ms  DeleteObjects: 0.143700 ms)

========================================================================
Received Prepare
Registering precompiled user dll's ...
Registered in 0.004370 seconds.
Begin MonoManager ReloadAssembly
Native extension for WindowsStandalone target not found
Refreshing native plugins compatible for Editor in 1.10 ms, found 2 plugins.
Preloading 0 native plugins for Editor in 0.00 ms.
Mono: successfully reloaded assembly
- Completed reload, in  1.681 seconds
Platform modules already initialized, skipping
Refreshing native plugins compatible for Editor in 1.28 ms, found 2 plugins.
Preloading 0 native plugins for Editor in 0.00 ms.
Unloading 3391 Unused Serialized files (Serialized files now loaded: 0)
System memory in use before: 136.6 MB.
System memory in use after: 136.7 MB.

Unloading 17 unused Assets to reduce memory usage. Loaded Objects now: 4002.
Total: 3.922400 ms (FindLiveObjects: 0.556800 ms CreateObjectMapping: 0.181800 ms MarkObjects: 3.019100 ms  DeleteObjects: 0.163200 ms)

========================================================================
Received Import Request.
  Time since last request: 1198.753693 seconds.
  path: Assets/Samples/2D Tilemap Extras/2.0.0/Waterfall Animated Tile
  artifactKey: Guid(fe4278287fbda224fad2d17696bdf132) Importer(815301076,1909f56bfc062723c751e8b465ee728b)
Start importing Assets/Samples/2D Tilemap Extras/2.0.0/Waterfall Animated Tile using Guid(fe4278287fbda224fad2d17696bdf132) Importer(815301076,1909f56bfc062723c751e8b465ee728b)  -> (artifact id: '6c9e794a821a7956bf553e30623dc3ce') in 0.015813 seconds 
========================================================================
Received Import Request.
  Time since last request: 10.105595 seconds.
  path: Assets/Samples/2D Tilemap Extras/2.0.0/Waterfall Animated Tile/Sprites
  artifactKey: Guid(456a16afb52d38f4ea81aef5715baf66) Importer(815301076,1909f56bfc062723c751e8b465ee728b)
Start importing Assets/Samples/2D Tilemap Extras/2.0.0/Waterfall Animated Tile/Sprites using Guid(456a16afb52d38f4ea81aef5715baf66) Importer(815301076,1909f56bfc062723c751e8b465ee728b)  -> (artifact id: '9b4c4ebff386da5ba9d7d87c91f9ec1b') in 0.011852 seconds 
========================================================================
Received Import Request.
  Time since last request: 0.209005 seconds.
  path: Assets/Samples/2D Tilemap Extras/2.0.0/Waterfall Animated Tile/Sprites/Waterfall.png
  artifactKey: Guid(ea3d66a7edd9d46d38e40be89ae8d3cf) Importer(815301076,1909f56bfc062723c751e8b465ee728b)
Start importing Assets/Samples/2D Tilemap Extras/2.0.0/Waterfall Animated Tile/Sprites/Waterfall.png using Guid(ea3d66a7edd9d46d38e40be89ae8d3cf) Importer(815301076,1909f56bfc062723c751e8b465ee728b)  -> (artifact id: 'b9962be0b3b3cde044aef024d1c494e7') in 0.124477 seconds 
========================================================================
Received Import Request.
  Time since last request: 210.058104 seconds.
  path: Assets/Palettes/Animated Tiles.prefab
  artifactKey: Guid(efb39393100639d48ac10366938a63b4) Importer(815301076,1909f56bfc062723c751e8b465ee728b)
Start importing Assets/Palettes/Animated Tiles.prefab using Guid(efb39393100639d48ac10366938a63b4) Importer(815301076,1909f56bfc062723c751e8b465ee728b)  -> (artifact id: '314e9c9c3bf153dd4641da6367d852f1') in 0.023783 seconds 
========================================================================
Received Import Request.
  Time since last request: 0.000240 seconds.
  path: Assets/Palettes/Prison.prefab
  artifactKey: Guid(7737883ebfbaebb40ae1a8ff0cc8aacd) Importer(815301076,1909f56bfc062723c751e8b465ee728b)
Start importing Assets/Palettes/Prison.prefab using Guid(7737883ebfbaebb40ae1a8ff0cc8aacd) Importer(815301076,1909f56bfc062723c751e8b465ee728b)  -> (artifact id: '447675dcd65cc914de0425c20f76fc7d') in 0.011801 seconds 
========================================================================
Received Import Request.
  Time since last request: 24.194178 seconds.
  path: Assets/Tiles/New Folder
  artifactKey: Guid(93eaa47658d87b741beedd5e196126d8) Importer(815301076,1909f56bfc062723c751e8b465ee728b)
Start importing Assets/Tiles/New Folder using Guid(93eaa47658d87b741beedd5e196126d8) Importer(815301076,1909f56bfc062723c751e8b465ee728b)  -> (artifact id: 'faae8cea7e19509b01d3817af69a3f26') in 0.031672 seconds 
========================================================================
Received Import Request.
  Time since last request: 3.815902 seconds.
  path: Assets/Tiles/Animated Tiles
  artifactKey: Guid(5ac950f4706e4bc45bccee3693ce7b93) Importer(815301076,1909f56bfc062723c751e8b465ee728b)
Start importing Assets/Tiles/Animated Tiles using Guid(5ac950f4706e4bc45bccee3693ce7b93) Importer(815301076,1909f56bfc062723c751e8b465ee728b)  -> (artifact id: '41534c2ba06c4fe7a990a25c5c564714') in 0.004995 seconds 
========================================================================
Received Import Request.
  Time since last request: 0.029259 seconds.
  path: Assets/Tiles/Animated Tiles/cave_274.asset
  artifactKey: Guid(3059d81db04b057439cc752c566aa6e9) Importer(815301076,1909f56bfc062723c751e8b465ee728b)
Start importing Assets/Tiles/Animated Tiles/cave_274.asset using Guid(3059d81db04b057439cc752c566aa6e9) Importer(815301076,1909f56bfc062723c751e8b465ee728b)  -> (artifact id: '9eba4e172fe97eb46f41ba64357921f0') in 0.069183 seconds 
========================================================================
Received Import Request.
  Time since last request: 0.000228 seconds.
  path: Assets/Tiles/Animated Tiles/cave_277.asset
  artifactKey: Guid(8a16e0f640c6cde4a9a93289e486d950) Importer(815301076,1909f56bfc062723c751e8b465ee728b)
Start importing Assets/Tiles/Animated Tiles/cave_277.asset using Guid(8a16e0f640c6cde4a9a93289e486d950) Importer(815301076,1909f56bfc062723c751e8b465ee728b)  -> (artifact id: '8aa46147fc73dbb579e292c6a45a7b6f') in 0.015258 seconds 
========================================================================
Received Import Request.
  Time since last request: 0.000329 seconds.
  path: Assets/Tiles/Animated Tiles/cave_280.asset
  artifactKey: Guid(c246a950c3c7b924182c940c2ecf497d) Importer(815301076,1909f56bfc062723c751e8b465ee728b)
Start importing Assets/Tiles/Animated Tiles/cave_280.asset using Guid(c246a950c3c7b924182c940c2ecf497d) Importer(815301076,1909f56bfc062723c751e8b465ee728b)  -> (artifact id: '777773149917a6163cfcd0b4367263ea') in 0.012965 seconds 
========================================================================
Received Import Request.
  Time since last request: 0.000325 seconds.
  path: Assets/Tiles/Animated Tiles/cave_282.asset
  artifactKey: Guid(d5baac3f9b060ec4d847c78801ac98ff) Importer(815301076,1909f56bfc062723c751e8b465ee728b)
Start importing Assets/Tiles/Animated Tiles/cave_282.asset using Guid(d5baac3f9b060ec4d847c78801ac98ff) Importer(815301076,1909f56bfc062723c751e8b465ee728b)  -> (artifact id: 'a879b308f80d589c0a925d1d849ba254') in 0.014324 seconds 
========================================================================
Received Import Request.
  Time since last request: 0.000221 seconds.
  path: Assets/Tiles/Animated Tiles/cave_275.asset
  artifactKey: Guid(e975c3bd53c96574c86b61ae4fff3857) Importer(815301076,1909f56bfc062723c751e8b465ee728b)
Start importing Assets/Tiles/Animated Tiles/cave_275.asset using Guid(e975c3bd53c96574c86b61ae4fff3857) Importer(815301076,1909f56bfc062723c751e8b465ee728b)  -> (artifact id: 'c89ccce4e976499dc7c865e0de219acd') in 0.019810 seconds 
========================================================================
Received Import Request.
  Time since last request: 0.000352 seconds.
  path: Assets/Tiles/Animated Tiles/cave_276.asset
  artifactKey: Guid(fbbff5f64412647488d4ce6b0deb8b5c) Importer(815301076,1909f56bfc062723c751e8b465ee728b)
Start importing Assets/Tiles/Animated Tiles/cave_276.asset using Guid(fbbff5f64412647488d4ce6b0deb8b5c) Importer(815301076,1909f56bfc062723c751e8b465ee728b)  -> (artifact id: 'b7fbfce4003faee6c38688263f33f5c4') in 0.012798 seconds 
========================================================================
Received Import Request.
  Time since last request: 0.000211 seconds.
  path: Assets/Tiles/Animated Tiles/cave_279.asset
  artifactKey: Guid(f5b757937b483b04f8f06531361de1f5) Importer(815301076,1909f56bfc062723c751e8b465ee728b)
Start importing Assets/Tiles/Animated Tiles/cave_279.asset using Guid(f5b757937b483b04f8f06531361de1f5) Importer(815301076,1909f56bfc062723c751e8b465ee728b)  -> (artifact id: 'fbc934ed1e5c7f0019d987d2bbbc4c13') in 0.026559 seconds 
========================================================================
Received Import Request.
  Time since last request: 0.000267 seconds.
  path: Assets/Tiles/Animated Tiles/cave_281.asset
  artifactKey: Guid(eddc2f48f54d3db4ba05247df5a275cb) Importer(815301076,1909f56bfc062723c751e8b465ee728b)
Start importing Assets/Tiles/Animated Tiles/cave_281.asset using Guid(eddc2f48f54d3db4ba05247df5a275cb) Importer(815301076,1909f56bfc062723c751e8b465ee728b)  -> (artifact id: 'dfb5db549da7a973f3ce45197bfd56db') in 0.012681 seconds 
========================================================================
Received Import Request.
  Time since last request: 0.000315 seconds.
  path: Assets/Tiles/Animated Tiles/cave_284.asset
  artifactKey: Guid(cdd9219c7c54e5f4ca24b8febbcb4a09) Importer(815301076,1909f56bfc062723c751e8b465ee728b)
Start importing Assets/Tiles/Animated Tiles/cave_284.asset using Guid(cdd9219c7c54e5f4ca24b8febbcb4a09) Importer(815301076,1909f56bfc062723c751e8b465ee728b)  -> (artifact id: '6a0745db5a8c3567872df9c0cb7b476f') in 0.012596 seconds 
========================================================================
Received Import Request.
  Time since last request: 0.000257 seconds.
  path: Assets/Tiles/Animated Tiles/cave_283.asset
  artifactKey: Guid(e2ed8b0c4f852fe4b98080082279ea96) Importer(815301076,1909f56bfc062723c751e8b465ee728b)
Start importing Assets/Tiles/Animated Tiles/cave_283.asset using Guid(e2ed8b0c4f852fe4b98080082279ea96) Importer(815301076,1909f56bfc062723c751e8b465ee728b)  -> (artifact id: '814a9895b94126198b78fc966d3518c7') in 0.012380 seconds 
========================================================================
Received Import Request.
  Time since last request: 0.000207 seconds.
  path: Assets/Tiles/Animated Tiles/cave_285.asset
  artifactKey: Guid(71ce33ee62592c54ab851d4fba34e941) Importer(815301076,1909f56bfc062723c751e8b465ee728b)
Start importing Assets/Tiles/Animated Tiles/cave_285.asset using Guid(71ce33ee62592c54ab851d4fba34e941) Importer(815301076,1909f56bfc062723c751e8b465ee728b)  -> (artifact id: '8b39cb2368b6f80ff6b54f41cf6b4942') in 0.013090 seconds 
========================================================================
Received Import Request.
  Time since last request: 0.000267 seconds.
  path: Assets/Tiles/Animated Tiles/cave_278.asset
  artifactKey: Guid(447a16a5baa32fe49b4297196757069f) Importer(815301076,1909f56bfc062723c751e8b465ee728b)
Start importing Assets/Tiles/Animated Tiles/cave_278.asset using Guid(447a16a5baa32fe49b4297196757069f) Importer(815301076,1909f56bfc062723c751e8b465ee728b)  -> (artifact id: '69e5882311f3ede87aec5b36aef4609a') in 0.012644 seconds 
========================================================================
Received Import Request.
  Time since last request: 76.432669 seconds.
  path: Assets/Tiles/Animated Tiles/LavaFlow.asset
  artifactKey: Guid(580e7f4cfb859bc4ca3bbc70715cb6b5) Importer(815301076,1909f56bfc062723c751e8b465ee728b)
Start importing Assets/Tiles/Animated Tiles/LavaFlow.asset using Guid(580e7f4cfb859bc4ca3bbc70715cb6b5) Importer(815301076,1909f56bfc062723c751e8b465ee728b)  -> (artifact id: '4d86f258525213377b985951d4147e57') in 0.010282 seconds 
========================================================================
Received Import Request.
  Time since last request: 183.591718 seconds.
  path: Assets/Fonts/dogica/Ascii GB Studio/01.png
  artifactKey: Guid(6b320e3b93f187c49a6cef8de3b5cd56) Importer(815301076,1909f56bfc062723c751e8b465ee728b)
Start importing Assets/Fonts/dogica/Ascii GB Studio/01.png using Guid(6b320e3b93f187c49a6cef8de3b5cd56) Importer(815301076,1909f56bfc062723c751e8b465ee728b)  -> (artifact id: 'ad388fad7c441566e225cdf3ed6435ab') in 0.065206 seconds 
========================================================================
Received Import Request.
  Time since last request: 0.000267 seconds.
  path: Assets/Fonts/dogica/Ascii GB Studio/04.png
  artifactKey: Guid(b10799b076370c04fbf5d42089697414) Importer(815301076,1909f56bfc062723c751e8b465ee728b)
Start importing Assets/Fonts/dogica/Ascii GB Studio/04.png using Guid(b10799b076370c04fbf5d42089697414) Importer(815301076,1909f56bfc062723c751e8b465ee728b)  -> (artifact id: '1414d830aa3fe1ec637c42354fcb3a64') in 0.046184 seconds 
========================================================================
Received Import Request.
  Time since last request: 0.000338 seconds.
  path: Assets/Fonts/dogica/Ascii GB Studio/02.png
  artifactKey: Guid(3493c67b1e01557419f68091e839a521) Importer(815301076,1909f56bfc062723c751e8b465ee728b)
Start importing Assets/Fonts/dogica/Ascii GB Studio/02.png using Guid(3493c67b1e01557419f68091e839a521) Importer(815301076,1909f56bfc062723c751e8b465ee728b)  -> (artifact id: '9e079305e2cd9ed516d30d1566139a10') in 0.047046 seconds 
========================================================================
Received Import Request.
  Time since last request: 0.000362 seconds.
  path: Assets/Fonts/dogica/Ascii GB Studio/03.png
  artifactKey: Guid(a539f6aff333550418d6cd7de45caa5b) Importer(815301076,1909f56bfc062723c751e8b465ee728b)
Start importing Assets/Fonts/dogica/Ascii GB Studio/03.png using Guid(a539f6aff333550418d6cd7de45caa5b) Importer(815301076,1909f56bfc062723c751e8b465ee728b)  -> (artifact id: '7a351282ac807908711e6267fa7aed26') in 0.036070 seconds 
========================================================================
Received Import Request.
  Time since last request: 2.285954 seconds.
  path: Assets/PSDs/DialogBox.psd
  artifactKey: Guid(57c2c05641274a649bfa33d2624194a6) Importer(815301076,1909f56bfc062723c751e8b465ee728b)
Start importing Assets/PSDs/DialogBox.psd using Guid(57c2c05641274a649bfa33d2624194a6) Importer(815301076,1909f56bfc062723c751e8b465ee728b)  -> (artifact id: '725924d561ded7f604850828de728ce8') in 0.072087 seconds 
========================================================================
Received Import Request.
  Time since last request: 0.000259 seconds.
  path: Assets/UI/DialogBox1.png
  artifactKey: Guid(9967581539c5eb44a8fe2392f15ebc42) Importer(815301076,1909f56bfc062723c751e8b465ee728b)
Start importing Assets/UI/DialogBox1.png using Guid(9967581539c5eb44a8fe2392f15ebc42) Importer(815301076,1909f56bfc062723c751e8b465ee728b)  -> (artifact id: 'bc42080f61e99ad32e8d7b976294640d') in 0.038452 seconds 
========================================================================
Received Import Request.
  Time since last request: 0.000266 seconds.
  path: Assets/Fonts/dogica/Specimen/dogica.png
  artifactKey: Guid(6f5ee7d83bd231344ac26ddd2f7512f8) Importer(815301076,1909f56bfc062723c751e8b465ee728b)
Start importing Assets/Fonts/dogica/Specimen/dogica.png using Guid(6f5ee7d83bd231344ac26ddd2f7512f8) Importer(815301076,1909f56bfc062723c751e8b465ee728b)  -> (artifact id: '8398b6dc5e0e64a1827d9b51497a67bd') in 0.059327 seconds 
========================================================================
Received Import Request.
  Time since last request: 0.000251 seconds.
  path: Assets/Fonts/dogica/Specimen/dogicabold.png
  artifactKey: Guid(e014aca8b6bcafb47806fa86d7e9854a) Importer(815301076,1909f56bfc062723c751e8b465ee728b)
Start importing Assets/Fonts/dogica/Specimen/dogicabold.png using Guid(e014aca8b6bcafb47806fa86d7e9854a) Importer(815301076,1909f56bfc062723c751e8b465ee728b)  -> (artifact id: '6ba51216e56a4c55c6a9d6b57572d092') in 0.042967 seconds 
========================================================================
Received Prepare
Registering precompiled user dll's ...
Registered in 0.004639 seconds.
Begin MonoManager ReloadAssembly
Native extension for WindowsStandalone target not found
Refreshing native plugins compatible for Editor in 1.51 ms, found 2 plugins.
Preloading 0 native plugins for Editor in 0.00 ms.
Mono: successfully reloaded assembly
- Completed reload, in  2.191 seconds
Platform modules already initialized, skipping
Refreshing native plugins compatible for Editor in 1.39 ms, found 2 plugins.
Preloading 0 native plugins for Editor in 0.00 ms.
Unloading 3400 Unused Serialized files (Serialized files now loaded: 0)
System memory in use before: 141.2 MB.
System memory in use after: 141.3 MB.

Unloading 17 unused Assets to reduce memory usage. Loaded Objects now: 4154.
Total: 4.517700 ms (FindLiveObjects: 0.573300 ms CreateObjectMapping: 0.206500 ms MarkObjects: 3.552400 ms  DeleteObjects: 0.183900 ms)

========================================================================
Received Prepare
Registering precompiled user dll's ...
Registered in 0.004401 seconds.
Begin MonoManager ReloadAssembly
Native extension for WindowsStandalone target not found
Refreshing native plugins compatible for Editor in 1.25 ms, found 2 plugins.
Preloading 0 native plugins for Editor in 0.00 ms.
Mono: successfully reloaded assembly
- Completed reload, in  1.689 seconds
Platform modules already initialized, skipping
Refreshing native plugins compatible for Editor in 1.16 ms, found 2 plugins.
Preloading 0 native plugins for Editor in 0.00 ms.
Unloading 3391 Unused Serialized files (Serialized files now loaded: 0)
System memory in use before: 140.8 MB.
System memory in use after: 140.9 MB.

Unloading 17 unused Assets to reduce memory usage. Loaded Objects now: 4158.
Total: 8.732700 ms (FindLiveObjects: 0.765100 ms CreateObjectMapping: 0.263300 ms MarkObjects: 7.490600 ms  DeleteObjects: 0.211600 ms)

========================================================================
Received Prepare
Registering precompiled user dll's ...
Registered in 0.005257 seconds.
Begin MonoManager ReloadAssembly
Native extension for WindowsStandalone target not found
Refreshing native plugins compatible for Editor in 1.22 ms, found 2 plugins.
Preloading 0 native plugins for Editor in 0.00 ms.
Mono: successfully reloaded assembly
- Completed reload, in  1.617 seconds
Platform modules already initialized, skipping
Refreshing native plugins compatible for Editor in 1.12 ms, found 2 plugins.
Preloading 0 native plugins for Editor in 0.00 ms.
Unloading 3391 Unused Serialized files (Serialized files now loaded: 0)
System memory in use before: 140.8 MB.
System memory in use after: 140.9 MB.

Unloading 17 unused Assets to reduce memory usage. Loaded Objects now: 4162.
Total: 3.967900 ms (FindLiveObjects: 0.669700 ms CreateObjectMapping: 0.243500 ms MarkObjects: 2.902000 ms  DeleteObjects: 0.151300 ms)

========================================================================
Received Prepare
Registering precompiled user dll's ...
Registered in 0.008183 seconds.
Begin MonoManager ReloadAssembly
Native extension for WindowsStandalone target not found
Refreshing native plugins compatible for Editor in 1.25 ms, found 2 plugins.
Preloading 0 native plugins for Editor in 0.00 ms.
Mono: successfully reloaded assembly
- Completed reload, in  1.894 seconds
Platform modules already initialized, skipping
Refreshing native plugins compatible for Editor in 1.44 ms, found 2 plugins.
Preloading 0 native plugins for Editor in 0.00 ms.
Unloading 3391 Unused Serialized files (Serialized files now loaded: 0)
System memory in use before: 140.8 MB.
System memory in use after: 140.9 MB.

Unloading 17 unused Assets to reduce memory usage. Loaded Objects now: 4166.
Total: 4.141100 ms (FindLiveObjects: 0.612100 ms CreateObjectMapping: 0.187000 ms MarkObjects: 3.185500 ms  DeleteObjects: 0.154500 ms)

========================================================================
Received Import Request.
  Time since last request: 1492.836616 seconds.
  path: Assets/Prefabs/TestTilemap.prefab
  artifactKey: Guid(fffab1e24404cd349844357db42b1bf9) Importer(815301076,1909f56bfc062723c751e8b465ee728b)
Start importing Assets/Prefabs/TestTilemap.prefab using Guid(fffab1e24404cd349844357db42b1bf9) Importer(815301076,1909f56bfc062723c751e8b465ee728b)  -> (artifact id: '012504bf0eb00a6a66f35584dd575636') in 0.054237 seconds 
========================================================================
Received Prepare
Registering precompiled user dll's ...
Registered in 0.008094 seconds.
Begin MonoManager ReloadAssembly
Native extension for WindowsStandalone target not found
Refreshing native plugins compatible for Editor in 1.13 ms, found 2 plugins.
Preloading 0 native plugins for Editor in 0.00 ms.
Mono: successfully reloaded assembly
- Completed reload, in  1.945 seconds
Platform modules already initialized, skipping
Refreshing native plugins compatible for Editor in 1.16 ms, found 2 plugins.
Preloading 0 native plugins for Editor in 0.00 ms.
Unloading 3391 Unused Serialized files (Serialized files now loaded: 0)
System memory in use before: 140.8 MB.
System memory in use after: 140.9 MB.

Unloading 17 unused Assets to reduce memory usage. Loaded Objects now: 4170.
Total: 3.808900 ms (FindLiveObjects: 0.529800 ms CreateObjectMapping: 0.228200 ms MarkObjects: 2.898300 ms  DeleteObjects: 0.151200 ms)

========================================================================
Received Prepare
Registering precompiled user dll's ...
Registered in 0.014589 seconds.
Begin MonoManager ReloadAssembly
Native extension for WindowsStandalone target not found
Refreshing native plugins compatible for Editor in 1.55 ms, found 2 plugins.
Preloading 0 native plugins for Editor in 0.00 ms.
Mono: successfully reloaded assembly
- Completed reload, in  2.676 seconds
Platform modules already initialized, skipping
Refreshing native plugins compatible for Editor in 1.38 ms, found 2 plugins.
Preloading 0 native plugins for Editor in 0.00 ms.
Unloading 3391 Unused Serialized files (Serialized files now loaded: 0)
System memory in use before: 140.8 MB.
System memory in use after: 140.9 MB.

Unloading 17 unused Assets to reduce memory usage. Loaded Objects now: 4174.
Total: 5.095600 ms (FindLiveObjects: 0.759200 ms CreateObjectMapping: 0.373400 ms MarkObjects: 3.782400 ms  DeleteObjects: 0.179300 ms)

========================================================================
Received Prepare
Registering precompiled user dll's ...
Registered in 0.004577 seconds.
Begin MonoManager ReloadAssembly
Native extension for WindowsStandalone target not found
Refreshing native plugins compatible for Editor in 1.49 ms, found 2 plugins.
Preloading 0 native plugins for Editor in 0.00 ms.
Mono: successfully reloaded assembly
- Completed reload, in  2.085 seconds
Platform modules already initialized, skipping
Refreshing native plugins compatible for Editor in 1.28 ms, found 2 plugins.
Preloading 0 native plugins for Editor in 0.00 ms.
Unloading 3391 Unused Serialized files (Serialized files now loaded: 0)
System memory in use before: 140.8 MB.
System memory in use after: 140.9 MB.

Unloading 17 unused Assets to reduce memory usage. Loaded Objects now: 4178.
Total: 3.945000 ms (FindLiveObjects: 0.649600 ms CreateObjectMapping: 0.190300 ms MarkObjects: 2.936000 ms  DeleteObjects: 0.167500 ms)

